Using pre-set license

 COMMAND LINE ARGUMENTS:
/Applications/Unity/Hub/Editor/2020.3.2f1/Unity.app/Contents/MacOS/Unity
-adb2
-batchMode
-noUpm
-name
AssetImportWorker0
-projectPath
/Users/chandradhar/Documents/GitHub/PaintBoard/paint
-logFile
Logs/AssetImportWorker0.log
-srvPort
53806
Successfully changed project path to: /Users/chandradhar/Documents/GitHub/PaintBoard/paint
/Users/chandradhar/Documents/GitHub/PaintBoard/paint
Using Asset Import Pipeline V2.
Refreshing native plugins compatible for Editor in 63.59 ms, found 1 plugins.
Preloading 0 native plugins for Editor in 0.00 ms.
Initialize engine version: 2020.3.2f1 (8fd9074bf66c)
[Subsystems] Discovering subsystems at path /Applications/Unity/Hub/Editor/2020.3.2f1/Unity.app/Contents/Resources/UnitySubsystems
[Subsystems] Discovering subsystems at path /Users/chandradhar/Documents/GitHub/PaintBoard/paint/Assets
GfxDevice: creating device client; threaded=0
2021-05-07 10:40:28.896 Unity[8316:225985] Color LCD preferred device: Intel(R) Iris(TM) Graphics 6000 (low power)
2021-05-07 10:40:28.897 Unity[8316:225985] Metal devices available: 1
2021-05-07 10:40:28.897 Unity[8316:225985] 0: Intel(R) Iris(TM) Graphics 6000 (low power)
2021-05-07 10:40:28.897 Unity[8316:225985] Using device Intel(R) Iris(TM) Graphics 6000 (low power)
Initializing Metal device caps: Intel(R) Iris(TM) Graphics 6000
Initialize mono
Mono path[0] = '/Applications/Unity/Hub/Editor/2020.3.2f1/Unity.app/Contents/Managed'
Mono path[1] = '/Applications/Unity/Hub/Editor/2020.3.2f1/Unity.app/Contents/MonoBleedingEdge/lib/mono/unityjit'
Mono config path = '/Applications/Unity/Hub/Editor/2020.3.2f1/Unity.app/Contents/MonoBleedingEdge/etc'
Using monoOptions --debugger-agent=transport=dt_socket,embedding=1,server=y,suspend=n,address=127.0.0.1:56316
Begin MonoManager ReloadAssembly
Registering precompiled unity dll's ...
Register platform support module: /Applications/Unity/Hub/Editor/2020.3.2f1/Unity.app/Contents/PlaybackEngines/MacStandaloneSupport/UnityEditor.OSXStandalone.Extensions.dll
Registered in 0.002978 seconds.
Native extension for OSXStandalone target not found
Refreshing native plugins compatible for Editor in 35.51 ms, found 1 plugins.
Preloading 0 native plugins for Editor in 0.00 ms.
Invoked RoslynAnalysisRunner static constructor.
RoslynAnalysisRunner will not be running.
RoslynAnalysisRunner has terminated.
Mono: successfully reloaded assembly
- Completed reload, in  3.679 seconds
Platform modules already initialized, skipping
Registering precompiled user dll's ...
Registered in 0.002094 seconds.
Begin MonoManager ReloadAssembly
Native extension for OSXStandalone target not found
Refreshing native plugins compatible for Editor in 0.29 ms, found 1 plugins.
Preloading 0 native plugins for Editor in 0.00 ms.
Invoked RoslynAnalysisRunner static constructor.
RoslynAnalysisRunner will not be running.
RoslynAnalysisRunner has terminated.
Mono: successfully reloaded assembly
- Completed reload, in  1.995 seconds
Platform modules already initialized, skipping
========================================================================
Worker process is ready to serve import requests
Launching external process: /Applications/Unity/Hub/Editor/2020.3.2f1/Unity.app/Contents/Tools/UnityShaderCompiler
Launched and connected shader compiler UnityShaderCompiler after 0.02 seconds
Refreshing native plugins compatible for Editor in 0.26 ms, found 1 plugins.
Preloading 0 native plugins for Editor in 0.00 ms.
Unloading 1126 Unused Serialized files (Serialized files now loaded: 0)
System memory in use before: 110.6 MB.
System memory in use after: 110.7 MB.

Unloading 10 unused Assets to reduce memory usage. Loaded Objects now: 1568.
Total: 3.922341 ms (FindLiveObjects: 0.346575 ms CreateObjectMapping: 0.085341 ms MarkObjects: 3.425442 ms  DeleteObjects: 0.062437 ms)

========================================================================
Received Prepare
Registering precompiled user dll's ...
Registered in 0.000911 seconds.
Begin MonoManager ReloadAssembly
Native extension for OSXStandalone target not found
Refreshing native plugins compatible for Editor in 0.32 ms, found 1 plugins.
Preloading 0 native plugins for Editor in 0.00 ms.
Invoked RoslynAnalysisRunner static constructor.
RoslynAnalysisRunner will not be running.
RoslynAnalysisRunner has terminated.
Mono: successfully reloaded assembly
- Completed reload, in  1.624 seconds
Platform modules already initialized, skipping
Switching build target platform(2) subTarget(0) extendedPlatform(0) -> platform(9) subTarget(16777218) extendedPlatform(0)
Refreshing native plugins compatible for Editor in 0.38 ms, found 1 plugins.
Preloading 0 native plugins for Editor in 0.00 ms.
Unloading 1122 Unused Serialized files (Serialized files now loaded: 0)
System memory in use before: 109.9 MB.
System memory in use after: 109.9 MB.

Unloading 6 unused Assets to reduce memory usage. Loaded Objects now: 1571.
Total: 2.302033 ms (FindLiveObjects: 0.258712 ms CreateObjectMapping: 0.053844 ms MarkObjects: 1.969360 ms  DeleteObjects: 0.018666 ms)

AssetImportParameters requested are different than current active one (requested -> active):
  custom:graphics/normal-map-encoding: 01000000000000000000000000000000 -> 02000000000000000000000000000000
========================================================================
Received Import Request.
  path: Assets/Scripts/paintManager.cs
  artifactKey: Guid(ad37401c347e09a41949b6381b48ce4b) Importer(815301076,1909f56bfc062723c751e8b465ee728b)
Start importing Assets/Scripts/paintManager.cs using Guid(ad37401c347e09a41949b6381b48ce4b) Importer(815301076,1909f56bfc062723c751e8b465ee728b)  -> (artifact id: '13fb56d77b009666020af6fc8b192700') in 0.643700 seconds
  Import took 0.647973 seconds .

========================================================================
Received Import Request.
  Time since last request: 0.190879 seconds.
  path: Assets/Scripts/paintManager.cs
  artifactKey: Guid(ad37401c347e09a41949b6381b48ce4b) Importer(815301076,1909f56bfc062723c751e8b465ee728b)
Start importing Assets/Scripts/paintManager.cs using Guid(ad37401c347e09a41949b6381b48ce4b) Importer(815301076,1909f56bfc062723c751e8b465ee728b)  -> (artifact id: 'b5f4e4f85a1653b64084357050736ff6') in 0.007305 seconds
  Import took 0.017418 seconds .

========================================================================
Received Prepare
Registering precompiled user dll's ...
Registered in 0.000546 seconds.
Begin MonoManager ReloadAssembly
Native extension for OSXStandalone target not found
Refreshing native plugins compatible for Editor in 0.26 ms, found 1 plugins.
Preloading 0 native plugins for Editor in 0.00 ms.
Invoked RoslynAnalysisRunner static constructor.
RoslynAnalysisRunner will not be running.
RoslynAnalysisRunner has terminated.
Mono: successfully reloaded assembly
- Completed reload, in  1.505 seconds
Platform modules already initialized, skipping
Switching build target platform(2) subTarget(0) extendedPlatform(0) -> platform(9) subTarget(16777218) extendedPlatform(0)
Refreshing native plugins compatible for Editor in 0.26 ms, found 1 plugins.
Preloading 0 native plugins for Editor in 0.00 ms.
Unloading 1122 Unused Serialized files (Serialized files now loaded: 0)
System memory in use before: 114.5 MB.
System memory in use after: 114.6 MB.

Unloading 6 unused Assets to reduce memory usage. Loaded Objects now: 1574.
Total: 3.687595 ms (FindLiveObjects: 0.369460 ms CreateObjectMapping: 0.125455 ms MarkObjects: 3.164975 ms  DeleteObjects: 0.025350 ms)

AssetImportParameters requested are different than current active one (requested -> active):
  custom:graphics/normal-map-encoding: 01000000000000000000000000000000 -> 02000000000000000000000000000000
========================================================================
Received Import Request.
  Time since last request: 18.692754 seconds.
  path: Assets/Scripts/paintManager.cs
  artifactKey: Guid(ad37401c347e09a41949b6381b48ce4b) Importer(815301076,1909f56bfc062723c751e8b465ee728b)
Start importing Assets/Scripts/paintManager.cs using Guid(ad37401c347e09a41949b6381b48ce4b) Importer(815301076,1909f56bfc062723c751e8b465ee728b)  -> (artifact id: 'aab26aed72397197c546d79ce6712c25') in 0.018125 seconds
  Import took 0.024974 seconds .

========================================================================
Received Prepare
Registering precompiled user dll's ...
Registered in 0.000556 seconds.
Begin MonoManager ReloadAssembly
Native extension for OSXStandalone target not found
Refreshing native plugins compatible for Editor in 0.30 ms, found 1 plugins.
Preloading 0 native plugins for Editor in 0.00 ms.
Invoked RoslynAnalysisRunner static constructor.
RoslynAnalysisRunner will not be running.
RoslynAnalysisRunner has terminated.
Mono: successfully reloaded assembly
- Completed reload, in  1.527 seconds
Platform modules already initialized, skipping
Switching build target platform(2) subTarget(0) extendedPlatform(0) -> platform(9) subTarget(16777218) extendedPlatform(0)
Refreshing native plugins compatible for Editor in 0.28 ms, found 1 plugins.
Preloading 0 native plugins for Editor in 0.00 ms.
Unloading 1122 Unused Serialized files (Serialized files now loaded: 0)
System memory in use before: 114.7 MB.
System memory in use after: 114.7 MB.

Unloading 6 unused Assets to reduce memory usage. Loaded Objects now: 1577.
Total: 3.007652 ms (FindLiveObjects: 0.305930 ms CreateObjectMapping: 0.079645 ms MarkObjects: 2.591052 ms  DeleteObjects: 0.028012 ms)

AssetImportParameters requested are different than current active one (requested -> active):
  custom:graphics/normal-map-encoding: 01000000000000000000000000000000 -> 02000000000000000000000000000000
========================================================================
Received Import Request.
  Time since last request: 13.483430 seconds.
  path: Assets/Scripts/paintManager.cs
  artifactKey: Guid(ad37401c347e09a41949b6381b48ce4b) Importer(815301076,1909f56bfc062723c751e8b465ee728b)
Start importing Assets/Scripts/paintManager.cs using Guid(ad37401c347e09a41949b6381b48ce4b) Importer(815301076,1909f56bfc062723c751e8b465ee728b)  -> (artifact id: '1b14356c45fcc13cc65659321ed961ac') in 0.014008 seconds
  Import took 0.021312 seconds .

========================================================================
Received Prepare
Registering precompiled user dll's ...
Registered in 0.000541 seconds.
Begin MonoManager ReloadAssembly
Native extension for OSXStandalone target not found
Refreshing native plugins compatible for Editor in 0.33 ms, found 1 plugins.
Preloading 0 native plugins for Editor in 0.00 ms.
Invoked RoslynAnalysisRunner static constructor.
RoslynAnalysisRunner will not be running.
RoslynAnalysisRunner has terminated.
Mono: successfully reloaded assembly
- Completed reload, in  1.593 seconds
Platform modules already initialized, skipping
Switching build target platform(2) subTarget(0) extendedPlatform(0) -> platform(9) subTarget(16777218) extendedPlatform(0)
Refreshing native plugins compatible for Editor in 0.26 ms, found 1 plugins.
Preloading 0 native plugins for Editor in 0.00 ms.
Unloading 1122 Unused Serialized files (Serialized files now loaded: 0)
System memory in use before: 114.9 MB.
System memory in use after: 115.0 MB.

Unloading 6 unused Assets to reduce memory usage. Loaded Objects now: 1580.
Total: 2.788575 ms (FindLiveObjects: 0.370420 ms CreateObjectMapping: 0.089008 ms MarkObjects: 2.307256 ms  DeleteObjects: 0.017979 ms)

AssetImportParameters requested are different than current active one (requested -> active):
  custom:graphics/normal-map-encoding: 01000000000000000000000000000000 -> 02000000000000000000000000000000
========================================================================
Received Prepare
Registering precompiled user dll's ...
Registered in 0.000533 seconds.
Begin MonoManager ReloadAssembly
Native extension for OSXStandalone target not found
Refreshing native plugins compatible for Editor in 0.29 ms, found 1 plugins.
Preloading 0 native plugins for Editor in 0.00 ms.
Invoked RoslynAnalysisRunner static constructor.
RoslynAnalysisRunner will not be running.
RoslynAnalysisRunner has terminated.
Mono: successfully reloaded assembly
- Completed reload, in  1.862 seconds
Platform modules already initialized, skipping
Switching build target platform(2) subTarget(0) extendedPlatform(0) -> platform(9) subTarget(16777218) extendedPlatform(0)
Refreshing native plugins compatible for Editor in 0.43 ms, found 1 plugins.
Preloading 0 native plugins for Editor in 0.00 ms.
Unloading 1122 Unused Serialized files (Serialized files now loaded: 0)
System memory in use before: 115.0 MB.
System memory in use after: 115.1 MB.

Unloading 6 unused Assets to reduce memory usage. Loaded Objects now: 1583.
Total: 3.681915 ms (FindLiveObjects: 0.319066 ms CreateObjectMapping: 0.049985 ms MarkObjects: 3.289750 ms  DeleteObjects: 0.020584 ms)

AssetImportParameters requested are different than current active one (requested -> active):
  custom:graphics/normal-map-encoding: 01000000000000000000000000000000 -> 02000000000000000000000000000000
========================================================================
Received Import Request.
  Time since last request: 458.396652 seconds.
  path: Assets/Scripts/paintManager.cs
  artifactKey: Guid(ad37401c347e09a41949b6381b48ce4b) Importer(815301076,1909f56bfc062723c751e8b465ee728b)
Start importing Assets/Scripts/paintManager.cs using Guid(ad37401c347e09a41949b6381b48ce4b) Importer(815301076,1909f56bfc062723c751e8b465ee728b)  -> (artifact id: '80e04ab288ee3f8e215cd2e7b183282a') in 0.008806 seconds
  Import took 0.011430 seconds .

========================================================================
Received Prepare
Registering precompiled user dll's ...
Registered in 0.000551 seconds.
Begin MonoManager ReloadAssembly
Native extension for OSXStandalone target not found
Refreshing native plugins compatible for Editor in 0.26 ms, found 1 plugins.
Preloading 0 native plugins for Editor in 0.00 ms.
Invoked RoslynAnalysisRunner static constructor.
RoslynAnalysisRunner will not be running.
RoslynAnalysisRunner has terminated.
Mono: successfully reloaded assembly
- Completed reload, in  1.524 seconds
Platform modules already initialized, skipping
Switching build target platform(2) subTarget(0) extendedPlatform(0) -> platform(9) subTarget(16777218) extendedPlatform(0)
Refreshing native plugins compatible for Editor in 0.26 ms, found 1 plugins.
Preloading 0 native plugins for Editor in 0.00 ms.
Unloading 1122 Unused Serialized files (Serialized files now loaded: 0)
System memory in use before: 115.2 MB.
System memory in use after: 115.2 MB.

Unloading 6 unused Assets to reduce memory usage. Loaded Objects now: 1586.
Total: 2.699343 ms (FindLiveObjects: 0.299052 ms CreateObjectMapping: 0.063575 ms MarkObjects: 2.310508 ms  DeleteObjects: 0.023892 ms)

AssetImportParameters requested are different than current active one (requested -> active):
  custom:graphics/normal-map-encoding: 01000000000000000000000000000000 -> 02000000000000000000000000000000
========================================================================
Received Import Request.
  Time since last request: 55.834435 seconds.
  path: Assets/Scripts/paintManager.cs
  artifactKey: Guid(ad37401c347e09a41949b6381b48ce4b) Importer(815301076,1909f56bfc062723c751e8b465ee728b)
Start importing Assets/Scripts/paintManager.cs using Guid(ad37401c347e09a41949b6381b48ce4b) Importer(815301076,1909f56bfc062723c751e8b465ee728b)  -> (artifact id: '5bafdd552781cc06f41745b42de67ba5') in 0.011794 seconds
  Import took 0.014941 seconds .

========================================================================
Received Prepare
Registering precompiled user dll's ...
Registered in 0.000931 seconds.
Begin MonoManager ReloadAssembly
Native extension for OSXStandalone target not found
Refreshing native plugins compatible for Editor in 0.28 ms, found 1 plugins.
Preloading 0 native plugins for Editor in 0.00 ms.
Invoked RoslynAnalysisRunner static constructor.
RoslynAnalysisRunner will not be running.
RoslynAnalysisRunner has terminated.
Mono: successfully reloaded assembly
- Completed reload, in  1.740 seconds
Platform modules already initialized, skipping
Switching build target platform(2) subTarget(0) extendedPlatform(0) -> platform(9) subTarget(16777218) extendedPlatform(0)
Refreshing native plugins compatible for Editor in 0.50 ms, found 1 plugins.
Preloading 0 native plugins for Editor in 0.00 ms.
Unloading 1122 Unused Serialized files (Serialized files now loaded: 0)
System memory in use before: 115.3 MB.
System memory in use after: 115.4 MB.

Unloading 6 unused Assets to reduce memory usage. Loaded Objects now: 1589.
Total: 2.499312 ms (FindLiveObjects: 0.329318 ms CreateObjectMapping: 0.078359 ms MarkObjects: 2.064896 ms  DeleteObjects: 0.024119 ms)

AssetImportParameters requested are different than current active one (requested -> active):
  custom:graphics/normal-map-encoding: 01000000000000000000000000000000 -> 02000000000000000000000000000000
========================================================================
Received Import Request.
  Time since last request: 6.589649 seconds.
  path: Assets/Scripts/paintManager.cs
  artifactKey: Guid(ad37401c347e09a41949b6381b48ce4b) Importer(815301076,1909f56bfc062723c751e8b465ee728b)
Start importing Assets/Scripts/paintManager.cs using Guid(ad37401c347e09a41949b6381b48ce4b) Importer(815301076,1909f56bfc062723c751e8b465ee728b)  -> (artifact id: 'f50bc27891f0f1883b955b7447cbd3a4') in 0.018503 seconds
  Import took 0.024605 seconds .

========================================================================
Received Prepare
Registering precompiled user dll's ...
Registered in 0.000541 seconds.
Begin MonoManager ReloadAssembly
Native extension for OSXStandalone target not found
Refreshing native plugins compatible for Editor in 0.47 ms, found 1 plugins.
Preloading 0 native plugins for Editor in 0.00 ms.
Invoked RoslynAnalysisRunner static constructor.
RoslynAnalysisRunner will not be running.
RoslynAnalysisRunner has terminated.
Mono: successfully reloaded assembly
- Completed reload, in  1.574 seconds
Platform modules already initialized, skipping
Switching build target platform(2) subTarget(0) extendedPlatform(0) -> platform(9) subTarget(16777218) extendedPlatform(0)
Refreshing native plugins compatible for Editor in 0.26 ms, found 1 plugins.
Preloading 0 native plugins for Editor in 0.00 ms.
Unloading 1122 Unused Serialized files (Serialized files now loaded: 0)
System memory in use before: 115.5 MB.
System memory in use after: 115.6 MB.

Unloading 6 unused Assets to reduce memory usage. Loaded Objects now: 1592.
Total: 2.832550 ms (FindLiveObjects: 0.338170 ms CreateObjectMapping: 0.065120 ms MarkObjects: 2.404410 ms  DeleteObjects: 0.022604 ms)

AssetImportParameters requested are different than current active one (requested -> active):
  custom:graphics/normal-map-encoding: 01000000000000000000000000000000 -> 02000000000000000000000000000000
========================================================================
Received Import Request.
  Time since last request: 24.479777 seconds.
  path: Assets/Scripts/paintManager.cs
  artifactKey: Guid(ad37401c347e09a41949b6381b48ce4b) Importer(815301076,1909f56bfc062723c751e8b465ee728b)
Start importing Assets/Scripts/paintManager.cs using Guid(ad37401c347e09a41949b6381b48ce4b) Importer(815301076,1909f56bfc062723c751e8b465ee728b)  -> (artifact id: '807b2031ac2daa82d6d1cb7cf6bd53c8') in 0.010339 seconds
  Import took 0.013200 seconds .

========================================================================
Received Prepare
Registering precompiled user dll's ...
Registered in 0.000546 seconds.
Begin MonoManager ReloadAssembly
Native extension for OSXStandalone target not found
Refreshing native plugins compatible for Editor in 0.54 ms, found 1 plugins.
Preloading 0 native plugins for Editor in 0.00 ms.
Invoked RoslynAnalysisRunner static constructor.
RoslynAnalysisRunner will not be running.
RoslynAnalysisRunner has terminated.
Mono: successfully reloaded assembly
- Completed reload, in  1.502 seconds
Platform modules already initialized, skipping
Switching build target platform(2) subTarget(0) extendedPlatform(0) -> platform(9) subTarget(16777218) extendedPlatform(0)
Refreshing native plugins compatible for Editor in 0.29 ms, found 1 plugins.
Preloading 0 native plugins for Editor in 0.00 ms.
Unloading 1122 Unused Serialized files (Serialized files now loaded: 0)
System memory in use before: 115.7 MB.
System memory in use after: 115.8 MB.

Unloading 6 unused Assets to reduce memory usage. Loaded Objects now: 1595.
Total: 3.389923 ms (FindLiveObjects: 0.407175 ms CreateObjectMapping: 0.078490 ms MarkObjects: 2.867928 ms  DeleteObjects: 0.033355 ms)

AssetImportParameters requested are different than current active one (requested -> active):
  custom:graphics/normal-map-encoding: 01000000000000000000000000000000 -> 02000000000000000000000000000000
========================================================================
Received Prepare
Refreshing native plugins compatible for Editor in 4.65 ms, found 1 plugins.
Preloading 0 native plugins for Editor in 0.00 ms.
Unloading 4 Unused Serialized files (Serialized files now loaded: 0)
System memory in use before: 94.3 MB.
System memory in use after: 94.4 MB.

Unloading 4 unused Assets to reduce memory usage. Loaded Objects now: 1595.
Total: 2.564747 ms (FindLiveObjects: 0.314405 ms CreateObjectMapping: 0.083296 ms MarkObjects: 2.133306 ms  DeleteObjects: 0.031517 ms)

========================================================================
Received Prepare
Registering precompiled user dll's ...
Registered in 0.000611 seconds.
Begin MonoManager ReloadAssembly
Native extension for OSXStandalone target not found
Refreshing native plugins compatible for Editor in 0.28 ms, found 1 plugins.
Preloading 0 native plugins for Editor in 0.00 ms.
Invoked RoslynAnalysisRunner static constructor.
RoslynAnalysisRunner will not be running.
RoslynAnalysisRunner has terminated.
Mono: successfully reloaded assembly
- Completed reload, in  1.695 seconds
Platform modules already initialized, skipping
Switching build target platform(2) subTarget(0) extendedPlatform(0) -> platform(9) subTarget(16777218) extendedPlatform(0)
Refreshing native plugins compatible for Editor in 0.37 ms, found 1 plugins.
Preloading 0 native plugins for Editor in 0.00 ms.
Unloading 1122 Unused Serialized files (Serialized files now loaded: 0)
System memory in use before: 116.0 MB.
System memory in use after: 116.1 MB.

Unloading 6 unused Assets to reduce memory usage. Loaded Objects now: 1598.
Total: 3.106720 ms (FindLiveObjects: 0.543250 ms CreateObjectMapping: 0.071795 ms MarkObjects: 2.457310 ms  DeleteObjects: 0.030180 ms)

AssetImportParameters requested are different than current active one (requested -> active):
  custom:graphics/normal-map-encoding: 01000000000000000000000000000000 -> 02000000000000000000000000000000
========================================================================
Received Prepare
Refreshing native plugins compatible for Editor in 7.00 ms, found 1 plugins.
Preloading 0 native plugins for Editor in 0.00 ms.
Unloading 4 Unused Serialized files (Serialized files now loaded: 0)
System memory in use before: 94.6 MB.
System memory in use after: 94.7 MB.

Unloading 4 unused Assets to reduce memory usage. Loaded Objects now: 1598.
Total: 3.981111 ms (FindLiveObjects: 0.485196 ms CreateObjectMapping: 0.155241 ms MarkObjects: 3.307299 ms  DeleteObjects: 0.030219 ms)

========================================================================
Received Prepare
Registering precompiled user dll's ...
Registered in 0.000701 seconds.
Begin MonoManager ReloadAssembly
Native extension for OSXStandalone target not found
Refreshing native plugins compatible for Editor in 0.27 ms, found 1 plugins.
Preloading 0 native plugins for Editor in 0.00 ms.
Invoked RoslynAnalysisRunner static constructor.
RoslynAnalysisRunner will not be running.
RoslynAnalysisRunner has terminated.
Mono: successfully reloaded assembly
- Completed reload, in  1.583 seconds
Platform modules already initialized, skipping
Switching build target platform(2) subTarget(0) extendedPlatform(0) -> platform(9) subTarget(16777218) extendedPlatform(0)
Refreshing native plugins compatible for Editor in 0.35 ms, found 1 plugins.
Preloading 0 native plugins for Editor in 0.00 ms.
Unloading 1122 Unused Serialized files (Serialized files now loaded: 0)
System memory in use before: 116.2 MB.
System memory in use after: 116.3 MB.

Unloading 6 unused Assets to reduce memory usage. Loaded Objects now: 1601.
Total: 3.097398 ms (FindLiveObjects: 0.533912 ms CreateObjectMapping: 0.215361 ms MarkObjects: 2.314418 ms  DeleteObjects: 0.031140 ms)

AssetImportParameters requested are different than current active one (requested -> active):
  custom:graphics/normal-map-encoding: 01000000000000000000000000000000 -> 02000000000000000000000000000000
========================================================================
Received Prepare
Refreshing native plugins compatible for Editor in 6.82 ms, found 1 plugins.
Preloading 0 native plugins for Editor in 0.00 ms.
Unloading 4 Unused Serialized files (Serialized files now loaded: 0)
System memory in use before: 94.8 MB.
System memory in use after: 94.9 MB.

Unloading 4 unused Assets to reduce memory usage. Loaded Objects now: 1601.
Total: 2.389518 ms (FindLiveObjects: 0.267229 ms CreateObjectMapping: 0.052915 ms MarkObjects: 2.048835 ms  DeleteObjects: 0.018473 ms)

========================================================================
Received Prepare
Registering precompiled user dll's ...
Registered in 0.000664 seconds.
Begin MonoManager ReloadAssembly
Native extension for OSXStandalone target not found
Refreshing native plugins compatible for Editor in 0.27 ms, found 1 plugins.
Preloading 0 native plugins for Editor in 0.00 ms.
Invoked RoslynAnalysisRunner static constructor.
RoslynAnalysisRunner will not be running.
RoslynAnalysisRunner has terminated.
Mono: successfully reloaded assembly
- Completed reload, in  1.903 seconds
Platform modules already initialized, skipping
Switching build target platform(2) subTarget(0) extendedPlatform(0) -> platform(9) subTarget(16777218) extendedPlatform(0)
Refreshing native plugins compatible for Editor in 0.33 ms, found 1 plugins.
Preloading 0 native plugins for Editor in 0.00 ms.
Unloading 1122 Unused Serialized files (Serialized files now loaded: 0)
System memory in use before: 116.5 MB.
System memory in use after: 116.5 MB.

Unloading 6 unused Assets to reduce memory usage. Loaded Objects now: 1604.
Total: 2.448571 ms (FindLiveObjects: 0.322495 ms CreateObjectMapping: 0.080109 ms MarkObjects: 2.017854 ms  DeleteObjects: 0.025273 ms)

AssetImportParameters requested are different than current active one (requested -> active):
  custom:graphics/normal-map-encoding: 01000000000000000000000000000000 -> 02000000000000000000000000000000
